===Start 01-08-2025 20:53:05 [System CPU 8.93%] [System RAM 42.35%] [System Disk 32.05%]===
01-08-2025 20:53:05, wininit.exe, 1628, [CPU 0.00%] [RAM 5.30%] [Disk 0.00%]
01-08-2025 20:53:05, explorer.exe, 2348, [CPU 0.00%] [RAM 3.86%] [Disk 0.00%]
01-08-2025 20:53:05, ms-teams.exe, 20788, [CPU 0.00%] [RAM 1.22%] [Disk 0.00%]
01-08-2025 20:53:05, RadeonSoftware.exe, 4584, [CPU 0.00%] [RAM 0.88%] [Disk 0.00%]
01-08-2025 20:53:05, AMDRSServ.exe, 21756, [CPU 0.00%] [RAM 0.44%] [Disk 0.00%]
01-08-2025 20:53:05, msedge.exe, 23360, [CPU 0.00%] [RAM 0.69%] [Disk 0.00%]
01-08-2025 20:53:05, Code.exe, 15344, [CPU 6.38%] [RAM 15.35%] [Disk 0.00%]
===End  01-08-2025 20:53:05 [System CPU 8.93%] [System RAM 42.35%] [System Disk 32.05%]===

===Start 01-08-2025 20:53:07 [System CPU 4.87%] [System RAM 42.31%] [System Disk 32.05%]===
01-08-2025 20:53:07, wininit.exe, 1628, [CPU 0.00%] [RAM 5.30%] [Disk 0.00%]
01-08-2025 20:53:07, explorer.exe, 2348, [CPU 0.14%] [RAM 3.86%] [Disk 0.00%]
01-08-2025 20:53:07, ms-teams.exe, 20788, [CPU 0.00%] [RAM 1.22%] [Disk 0.00%]
01-08-2025 20:53:07, RadeonSoftware.exe, 4584, [CPU 0.00%] [RAM 0.88%] [Disk 0.00%]
01-08-2025 20:53:07, AMDRSServ.exe, 21756, [CPU 0.00%] [RAM 0.44%] [Disk 0.00%]
01-08-2025 20:53:07, msedge.exe, 23360, [CPU 0.00%] [RAM 0.69%] [Disk 0.00%]
01-08-2025 20:53:07, Code.exe, 15344, [CPU 3.29%] [RAM 15.20%] [Disk 32.04%]
===End  01-08-2025 20:53:07 [System CPU 4.87%] [System RAM 42.31%] [System Disk 32.05%]===

===Start 01-08-2025 20:53:10 [System CPU 5.43%] [System RAM 42.24%] [System Disk 32.05%]===
01-08-2025 20:53:10, wininit.exe, 1628, [CPU 0.00%] [RAM 5.30%] [Disk 0.00%]
01-08-2025 20:53:10, explorer.exe, 2348, [CPU 0.11%] [RAM 3.86%] [Disk 0.00%]
01-08-2025 20:53:10, ms-teams.exe, 20788, [CPU 0.00%] [RAM 1.22%] [Disk 0.00%]
01-08-2025 20:53:10, RadeonSoftware.exe, 4584, [CPU 0.00%] [RAM 0.88%] [Disk 0.00%]
01-08-2025 20:53:10, AMDRSServ.exe, 21756, [CPU 0.00%] [RAM 0.44%] [Disk 0.00%]
01-08-2025 20:53:10, msedge.exe, 23360, [CPU 0.00%] [RAM 0.69%] [Disk 0.00%]
01-08-2025 20:53:10, Code.exe, 15344, [CPU 3.14%] [RAM 15.29%] [Disk 32.05%]
===End  01-08-2025 20:53:10 [System CPU 5.43%] [System RAM 42.24%] [System Disk 32.05%]===

===Start 01-08-2025 20:53:12 [System CPU 4.16%] [System RAM 42.24%] [System Disk 32.05%]===
01-08-2025 20:53:12, wininit.exe, 1628, [CPU 0.00%] [RAM 5.30%] [Disk 0.00%]
01-08-2025 20:53:12, explorer.exe, 2348, [CPU 0.03%] [RAM 3.86%] [Disk 0.00%]
01-08-2025 20:53:12, ms-teams.exe, 20788, [CPU 0.00%] [RAM 1.22%] [Disk 0.00%]
01-08-2025 20:53:12, RadeonSoftware.exe, 4584, [CPU 0.00%] [RAM 0.88%] [Disk 0.00%]
01-08-2025 20:53:12, AMDRSServ.exe, 21756, [CPU 0.00%] [RAM 0.44%] [Disk 0.00%]
01-08-2025 20:53:12, msedge.exe, 23360, [CPU 0.00%] [RAM 0.69%] [Disk 0.00%]
01-08-2025 20:53:12, Code.exe, 15344, [CPU 2.44%] [RAM 15.28%] [Disk 32.05%]
===End  01-08-2025 20:53:12 [System CPU 4.16%] [System RAM 42.24%] [System Disk 32.05%]===

